
> charles-boswell-author-site@1.0.0 build
> vite build

vite v7.1.4 building SSR bundle for production...
transforming...
✓ 217 modules transformed.
rendering chunks...
vite v7.1.4 building for production...
transforming...
✓ 187 modules transformed.
Generated an empty chunk: "vendor".
rendering chunks...
computing gzip size...
.svelte-kit/output/client/_app/version.json                        0.03 kB │ gzip:  0.05 kB
.svelte-kit/output/client/.vite/manifest.json                      8.53 kB │ gzip:  1.12 kB
.svelte-kit/output/client/_app/immutable/assets/7.C0rml_w2.css     0.05 kB │ gzip:  0.07 kB
.svelte-kit/output/client/_app/immutable/assets/2.AlbUYr0i.css     0.12 kB │ gzip:  0.11 kB
.svelte-kit/output/client/_app/immutable/assets/4.DJlsYlO4.css     0.13 kB │ gzip:  0.11 kB
.svelte-kit/output/client/_app/immutable/assets/3.D7h24W8u.css     2.37 kB │ gzip:  0.57 kB
.svelte-kit/output/client/_app/immutable/assets/0.Dqhvutl1.css    46.33 kB │ gzip:  8.20 kB
.svelte-kit/output/client/_app/immutable/chunks/l0sNRNKZ.js        0.04 kB │ gzip:  0.06 kB │ map:   0.09 kB
.svelte-kit/output/client/_app/immutable/chunks/BfUFlTEY.js        0.08 kB │ gzip:  0.10 kB │ map:   0.31 kB
.svelte-kit/output/client/_app/immutable/entry/start.BOFyxCPH.js   0.13 kB │ gzip:  0.13 kB │ map:   0.10 kB
.svelte-kit/output/client/_app/immutable/nodes/9.OYT_TvWx.js       0.52 kB │ gzip:  0.39 kB │ map:   0.09 kB
.svelte-kit/output/client/_app/immutable/nodes/10.Dw9XrmTY.js      0.52 kB │ gzip:  0.39 kB │ map:   0.10 kB
.svelte-kit/output/client/_app/immutable/chunks/DxpxrpeB.js        0.56 kB │ gzip:  0.36 kB │ map:   3.54 kB
.svelte-kit/output/client/_app/immutable/chunks/oECOnLkF.js        0.67 kB │ gzip:  0.43 kB │ map:   8.26 kB
.svelte-kit/output/client/_app/immutable/chunks/B0KMZPGh.js        0.85 kB │ gzip:  0.54 kB │ map:   4.93 kB
.svelte-kit/output/client/_app/immutable/nodes/1.DlhVZ7B9.js       0.96 kB │ gzip:  0.54 kB │ map:   5.51 kB
.svelte-kit/output/client/_app/immutable/chunks/B0SVHqCr.js        1.02 kB │ gzip:  0.69 kB │ map:   4.98 kB
.svelte-kit/output/client/_app/immutable/chunks/C0efZHpG.js        1.19 kB │ gzip:  0.66 kB │ map:  10.31 kB
.svelte-kit/output/client/_app/immutable/chunks/D9Z9MdNV.js        1.27 kB │ gzip:  0.75 kB │ map:   0.09 kB
.svelte-kit/output/client/_app/immutable/chunks/BONcr2Cw.js        1.44 kB │ gzip:  0.80 kB │ map:  24.36 kB
.svelte-kit/output/client/_app/immutable/chunks/B67KdFjL.js        1.69 kB │ gzip:  0.91 kB │ map:   9.16 kB
.svelte-kit/output/client/_app/immutable/chunks/yB21zFRj.js        2.33 kB │ gzip:  1.27 kB │ map:  29.04 kB
.svelte-kit/output/client/_app/immutable/chunks/hszpt7rY.js        2.41 kB │ gzip:  1.25 kB │ map:   7.14 kB
.svelte-kit/output/client/_app/immutable/chunks/mCsqvUnw.js        3.43 kB │ gzip:  1.78 kB │ map:  27.34 kB
.svelte-kit/output/client/_app/immutable/nodes/5.CDg4dITf.js       3.79 kB │ gzip:  1.97 kB │ map:  12.47 kB
.svelte-kit/output/client/_app/immutable/nodes/7.CuNfNEGh.js       6.59 kB │ gzip:  2.48 kB │ map:   8.77 kB
.svelte-kit/output/client/_app/immutable/entry/app.C_tPUKq8.js     7.17 kB │ gzip:  3.06 kB │ map:  26.74 kB
.svelte-kit/output/client/_app/immutable/nodes/6.DxTA_3zc.js       8.30 kB │ gzip:  2.55 kB │ map:   9.84 kB
.svelte-kit/output/client/_app/immutable/nodes/2.yghkV1tk.js       9.44 kB │ gzip:  3.73 kB │ map:  17.37 kB
.svelte-kit/output/client/_app/immutable/nodes/8.t9BtgzJD.js       9.54 kB │ gzip:  3.79 kB │ map:  30.96 kB
.svelte-kit/output/client/_app/immutable/nodes/4.Cr3l88XE.js      10.63 kB │ gzip:  4.44 kB │ map:  28.09 kB
.svelte-kit/output/client/_app/immutable/nodes/3.D1ta-SZS.js      11.43 kB │ gzip:  3.72 kB │ map:  13.87 kB
.svelte-kit/output/client/_app/immutable/nodes/0.CGMm6pTq.js      11.49 kB │ gzip:  4.83 kB │ map:  24.83 kB
.svelte-kit/output/client/_app/immutable/chunks/DOsFiI9M.js       37.24 kB │ gzip: 14.35 kB │ map: 302.58 kB
.svelte-kit/output/client/_app/immutable/chunks/CN0CITKB.js       37.53 kB │ gzip: 14.77 kB │ map: 214.95 kB
.svelte-kit/output/client/_app/immutable/chunks/ry8V6Q6W.js       99.13 kB │ gzip: 23.48 kB │ map: 394.15 kB
✓ built in 1.66s
[mongo] using db: Author-site
[mongo] connected
[mongo] using db: Author-site
[Homepage] Featured: {
  id: 'faith-in-a-firestorm',
  title: 'Faith in a Firestorm',
  description: "A faith-forward wildfire drama inspired by 16 years on the line—courage, family, and grace when everything burns. Follow characters who must rely on their faith and each other as they battle nature's most destructive force.",
  cover: 'https://firebasestorage.googleapis.com/v0/b/endless-fire-467204-n2.firebasestorage.app/o/books%2FFaith_in_a_FireStorm.png?alt=media',
  genre: 'faith',
  status: 'published',
  publishDate: '2025-09-01',
  isbn: '9798869393326',
  format: 'EPUB',
  pages: 197,
  buyLinks: { amazon: 'https://amazon.com/dp/B0CQJ2XYZ1' },
  featured: true
}
[Homepage] Upcoming: 2
  The following routes were marked as prerenderable, but were not prerendered because they were not found while crawling your app:
    - /blog/[slug]
  
  See the `handleUnseenRoutes` option in https://svelte.dev/docs/kit/configuration#prerender for more info.
.svelte-kit/output/server/.vite/manifest.json                              9.02 kB
.svelte-kit/output/server/_app/immutable/assets/_page.C0rml_w2.css         0.05 kB
.svelte-kit/output/server/_app/immutable/assets/_page.AlbUYr0i.css         0.12 kB
.svelte-kit/output/server/_app/immutable/assets/_page.DJlsYlO4.css         0.13 kB
.svelte-kit/output/server/_app/immutable/assets/_page.D7h24W8u.css         2.37 kB
.svelte-kit/output/server/_app/immutable/assets/_layout.Dqhvutl1.css      46.33 kB
.svelte-kit/output/server/chunks/true.js                                   0.07 kB │ map:   0.20 kB
.svelte-kit/output/server/chunks/firebase.js                               0.09 kB │ map:   0.09 kB
.svelte-kit/output/server/entries/pages/_layout.ts.js                      0.27 kB │ map:   0.57 kB
.svelte-kit/output/server/chunks/equality.js                               0.37 kB │ map:   1.03 kB
.svelte-kit/output/server/entries/pages/privacy/_page.svelte.js            0.38 kB │ map:   0.10 kB
.svelte-kit/output/server/entries/pages/terms/_page.svelte.js              0.38 kB │ map:   0.10 kB
.svelte-kit/output/server/chunks/shared-server.js                          0.39 kB │ map:   1.05 kB
.svelte-kit/output/server/internal.js                                      0.42 kB │ map:   0.10 kB
.svelte-kit/output/server/chunks/utils3.js                                 0.47 kB │ map:  10.09 kB
.svelte-kit/output/server/entries/endpoints/rss.xml/_server.ts.js          0.57 kB │ map:   1.08 kB
.svelte-kit/output/server/chunks/environment.js                            0.62 kB │ map:   0.12 kB
.svelte-kit/output/server/chunks/db.js                                     0.67 kB │ map:   1.78 kB
.svelte-kit/output/server/chunks/posts.js                                  0.76 kB │ map:   1.58 kB
.svelte-kit/output/server/chunks/urls.js                                   0.90 kB │ map:   3.69 kB
.svelte-kit/output/server/entries/pages/blog/_slug_/_page.server.ts.js     1.06 kB │ map:   2.07 kB
.svelte-kit/output/server/entries/fallbacks/error.svelte.js                1.10 kB │ map:   7.27 kB
.svelte-kit/output/server/chunks/client.js                                 1.11 kB │ map: 110.59 kB
.svelte-kit/output/server/chunks/markdown.js                               1.13 kB │ map:   2.58 kB
.svelte-kit/output/server/chunks/utils2.js                                 1.15 kB │ map:   3.93 kB
.svelte-kit/output/server/chunks/utils.js                                  1.19 kB │ map:   2.56 kB
.svelte-kit/output/server/chunks/image.js                                  1.34 kB │ map:   4.35 kB
.svelte-kit/output/server/chunks/authorImages.js                           1.65 kB │ map:   4.83 kB
.svelte-kit/output/server/entries/pages/blog/_page.server.ts.js            1.94 kB │ map:   3.62 kB
.svelte-kit/output/server/entries/pages/_layout.server.ts.js               2.04 kB │ map:   5.33 kB
.svelte-kit/output/server/entries/pages/books/_slug_/_page.server.ts.js    2.08 kB │ map:   3.76 kB
.svelte-kit/output/server/entries/pages/books/_page.server.ts.js           2.16 kB │ map:   4.49 kB
.svelte-kit/output/server/chunks/shared.js                                 2.18 kB │ map:   4.37 kB
.svelte-kit/output/server/entries/pages/blog/_slug_/_page.svelte.js        2.35 kB │ map:   3.14 kB
.svelte-kit/output/server/entries/pages/contact/_page.server.ts.js         2.91 kB │ map:   5.39 kB
.svelte-kit/output/server/entries/pages/books/_slug_/_page.svelte.js       5.80 kB │ map:   7.90 kB
.svelte-kit/output/server/entries/pages/contact/_page.svelte.js            5.82 kB │ map:   7.47 kB
.svelte-kit/output/server/entries/pages/_page.server.ts.js                 6.45 kB │ map:  12.09 kB
.svelte-kit/output/server/chunks/exports.js                                7.01 kB │ map:  18.58 kB
.svelte-kit/output/server/entries/pages/_page.svelte.js                    7.65 kB │ map:  12.67 kB
.svelte-kit/output/server/entries/pages/books/_page.svelte.js              7.65 kB │ map:   8.65 kB
.svelte-kit/output/server/entries/pages/_layout.svelte.js                  9.60 kB │ map:  14.65 kB
.svelte-kit/output/server/entries/pages/about/_page.svelte.js             10.44 kB │ map:  13.92 kB
.svelte-kit/output/server/remote-entry.js                                 10.46 kB │ map:  29.44 kB
.svelte-kit/output/server/chunks/index.js                                 11.54 kB │ map:  69.33 kB
.svelte-kit/output/server/entries/pages/blog/_page.svelte.js              13.02 kB │ map:  25.22 kB
.svelte-kit/output/server/chunks/vendor.js                                49.93 kB │ map:  83.85 kB
.svelte-kit/output/server/chunks/internal.js                              70.65 kB │ map: 229.39 kB
.svelte-kit/output/server/index.js                                       130.80 kB │ map: 285.90 kB
✓ built in 8.61s

Run npm run preview to preview your production build locally.

> Using @sveltejs/adapter-auto
  Could not detect a supported production environment. See https://svelte.dev/docs/kit/adapters to learn how to configure your app to run on the platform of your choosing
  ✔ done
